<?xml version="1.0" encoding="UTF-8" ?>
<testsuite tests="12" failures="0" name="runner.TestRunner" time="2.958" errors="0" skipped="0">
  <properties>
    <property name="java.runtime.name" value="Java(TM) SE Runtime Environment"/>
    <property name="sun.boot.library.path" value="C:\Program Files\Java\jre1.8.0_73\bin"/>
    <property name="java.vm.version" value="25.73-b02"/>
    <property name="user.country.format" value="PL"/>
    <property name="java.vm.vendor" value="Oracle Corporation"/>
    <property name="maven.multiModuleProjectDirectory" value="c:\CareersWraper"/>
    <property name="java.vendor.url" value="http://java.oracle.com/"/>
    <property name="path.separator" value=";"/>
    <property name="guice.disable.misplaced.annotation.check" value="true"/>
    <property name="java.vm.name" value="Java HotSpot(TM) 64-Bit Server VM"/>
    <property name="file.encoding.pkg" value="sun.io"/>
    <property name="user.script" value=""/>
    <property name="user.country" value="US"/>
    <property name="sun.java.launcher" value="SUN_STANDARD"/>
    <property name="sun.os.patch.level" value="Service Pack 1"/>
    <property name="java.vm.specification.name" value="Java Virtual Machine Specification"/>
    <property name="user.dir" value="c:\CareersWraper"/>
    <property name="java.runtime.version" value="1.8.0_73-b02"/>
    <property name="java.awt.graphicsenv" value="sun.awt.Win32GraphicsEnvironment"/>
    <property name="java.endorsed.dirs" value="C:\Program Files\Java\jre1.8.0_73\lib\endorsed"/>
    <property name="os.arch" value="amd64"/>
    <property name="java.io.tmpdir" value="C:\Users\Slawek\AppData\Local\Temp\"/>
    <property name="line.separator" value="
"/>
    <property name="java.vm.specification.vendor" value="Oracle Corporation"/>
    <property name="user.variant" value=""/>
    <property name="os.name" value="Windows 7"/>
    <property name="classworlds.conf" value="C:\Program Files\Dev_Programs\apache-maven-3.5.2\bin\..\bin\m2.conf"/>
    <property name="sun.jnu.encoding" value="Cp1250"/>
    <property name="java.library.path" value="C:\ProgramData\Oracle\Java\javapath;C:\Windows\Sun\Java\bin;C:\Windows\system32;C:\Windows;C:\ProgramData\Oracle\Java\javapath;C:\Windows\system32;C:\Windows;C:\Windows\System32\Wbem;C:\Windows\System32\WindowsPowerShell\v1.0\;C:\Program Files (x86)\ATI Technologies\ATI.ACE\Core-Static;C:\Program Files (x86)\Skype\Phone\;C:\Program Files\Calibre2\;C:\Program Files (x86)\Microsoft SQL Server\100\Tools\Binn\;C:\Program Files\Microsoft SQL Server\100\Tools\Binn\;C:\Program Files\Microsoft SQL Server\100\DTS\Binn\;C:\Program Files\Microsoft SQL Server\110\Tools\Binn\;C:\Program Files\Microsoft SQL Server\120\Tools\Binn\;C:\Program Files\Java\jdk1.8.0_65\bin;C:\Program Files\Dev_Programs\apache-maven-3.5.2\bin;C:\Users\Slawek\AppData\Local\Programs\Python\Python36-32\Scripts\;C:\Users\Slawek\AppData\Local\Programs\Python\Python36-32\;."/>
    <property name="maven.conf" value="C:\Program Files\Dev_Programs\apache-maven-3.5.2\bin\../conf"/>
    <property name="java.specification.name" value="Java Platform API Specification"/>
    <property name="java.class.version" value="52.0"/>
    <property name="sun.management.compiler" value="HotSpot 64-Bit Tiered Compilers"/>
    <property name="os.version" value="6.1"/>
    <property name="library.jansi.path" value="C:\Program Files\Dev_Programs\apache-maven-3.5.2\bin\..\lib\jansi-native"/>
    <property name="user.home" value="C:\Users\Slawek"/>
    <property name="user.timezone" value="Europe/Belgrade"/>
    <property name="java.awt.printerjob" value="sun.awt.windows.WPrinterJob"/>
    <property name="java.specification.version" value="1.8"/>
    <property name="file.encoding" value="Cp1250"/>
    <property name="user.name" value="Slawek"/>
    <property name="java.class.path" value="C:\Program Files\Dev_Programs\apache-maven-3.5.2\bin\..\boot\plexus-classworlds-2.5.2.jar"/>
    <property name="java.vm.specification.version" value="1.8"/>
    <property name="sun.arch.data.model" value="64"/>
    <property name="java.home" value="C:\Program Files\Java\jre1.8.0_73"/>
    <property name="sun.java.command" value="org.codehaus.plexus.classworlds.launcher.Launcher test"/>
    <property name="java.specification.vendor" value="Oracle Corporation"/>
    <property name="user.language" value="en"/>
    <property name="user.language.format" value="pl"/>
    <property name="awt.toolkit" value="sun.awt.windows.WToolkit"/>
    <property name="java.vm.info" value="mixed mode"/>
    <property name="java.version" value="1.8.0_73"/>
    <property name="java.ext.dirs" value="C:\Program Files\Java\jre1.8.0_73\lib\ext;C:\Windows\Sun\Java\lib\ext"/>
    <property name="sun.boot.class.path" value="C:\Program Files\Java\jre1.8.0_73\lib\resources.jar;C:\Program Files\Java\jre1.8.0_73\lib\rt.jar;C:\Program Files\Java\jre1.8.0_73\lib\sunrsasign.jar;C:\Program Files\Java\jre1.8.0_73\lib\jsse.jar;C:\Program Files\Java\jre1.8.0_73\lib\jce.jar;C:\Program Files\Java\jre1.8.0_73\lib\charsets.jar;C:\Program Files\Java\jre1.8.0_73\lib\jfr.jar;C:\Program Files\Java\jre1.8.0_73\classes"/>
    <property name="sun.stderr.encoding" value="cp852"/>
    <property name="java.vendor" value="Oracle Corporation"/>
    <property name="maven.home" value="C:\Program Files\Dev_Programs\apache-maven-3.5.2\bin\.."/>
    <property name="file.separator" value="\"/>
    <property name="java.vendor.url.bug" value="http://bugreport.sun.com/bugreport/"/>
    <property name="sun.cpu.endian" value="little"/>
    <property name="sun.io.unicode.encoding" value="UnicodeLittle"/>
    <property name="sun.stdout.encoding" value="cp852"/>
    <property name="sun.desktop" value="windows"/>
    <property name="sun.cpu.isalist" value="amd64"/>
  </properties>
  <testcase classname="Scenario: User opens Avanade website and look for job offers according to his requirements" name="Given User opens Avanade website" time="0.001"/>
  <testcase classname="Scenario: User opens Avanade website and look for job offers according to his requirements" name="And User navigate to the /CAREERS/ and opens /ROLES AND LOCATIONS/" time="0"/>
  <testcase classname="Scenario: User opens Avanade website and look for job offers according to his requirements" name="When User chooses /All Locations/ from /Countries/ drop-down menu" time="0"/>
  <testcase classname="Scenario: User opens Avanade website and look for job offers according to his requirements" name="And User clicks on /Search/ button" time="0"/>
  <testcase classname="Scenario: User opens Avanade website and look for job offers according to his requirements" name="And User enters /Krakow/ in /SearchBox/ field" time="0"/>
  <testcase classname="Scenario: User opens Avanade website and look for job offers according to his requirements" name="Then User checks if there is more than /5/ results for location Krakow" time="0.002"/>
  <testcase classname="Scenario: User opens Avanade website and look for job offers according to his requirements" name="And User enters /Warsaw/ in /SearchBox/ field" time="0"/>
  <testcase classname="Scenario: User opens Avanade website and look for job offers according to his requirements" name="Then User checks if there is at least /1/ result for location Warsaw" time="0"/>
  <testcase classname="Scenario: User opens Avanade website and look for job offers according to his requirements" name="And User enters sentence: /entry level/ in /SearchBox/ field" time="0.001"/>
  <testcase classname="Scenario: User opens Avanade website and look for job offers according to his requirements" name="And User checks if on of results is position /Entry Level Software Engineer, Seattle/" time="0"/>
  <testcase classname="Scenario: User opens Avanade website and look for job offers according to his requirements" name="Then User open job offer and checks if one of the qualifications is /Strong time management skills/" time="0"/>
  <testcase classname="Scenario: User opens Avanade website and look for job offers according to his requirements" name="Scenario: User opens Avanade website and look for job offers according to his requirements" time="2.954"/>
</testsuite>